AudioVideoAudioRecording/app/build/intermediates/manifest_merge_blame_file/debug/manifest-merger-blame-debug-report.txt
1<?xml version="1.0" encoding="utf-8"?>
2<manifest xmlns:android="http://schemas.android.com/apk/res/android"
3    package="course.examples.audiovideo.audiorecording" >
4
5    <uses-sdk
6        android:minSdkVersion="23"
6-->src\main\AndroidManifest.xml
7        android:targetSdkVersion="28" />
7-->src\main\AndroidManifest.xml
8
9    <uses-permission android:name="android.permission.WRITE_EXTERNAL_STORAGE" />
9-->src\main\AndroidManifest.xml:6:5-81
9-->src\main\AndroidManifest.xml:6:22-78
10    <uses-permission android:name="android.permission.RECORD_AUDIO" />
10-->src\main\AndroidManifest.xml:7:5-71
10-->src\main\AndroidManifest.xml:7:22-68
11
12    <application
12-->src\main\AndroidManifest.xml:9:5-24:19
13        android:allowBackup="false"
13-->src\main\AndroidManifest.xml:10:9-36
14        android:debuggable="true"
15        android:icon="@mipmap/ic_launcher"
15-->src\main\AndroidManifest.xml:11:9-43
16        android:label="@string/app_name"
16-->src\main\AndroidManifest.xml:12:9-41
17        android:testOnly="true"
18        android:theme="@style/MaterialTheme" >
18-->src\main\AndroidManifest.xml:13:9-45
19        <activity
19-->src\main\AndroidManifest.xml:15:9-23:20
20            android:name="course.examples.audiovideo.audiorecording.AudioRecordingActivity"
20-->src\main\AndroidManifest.xml:16:13-51
21            android:label="@string/app_name" >
21-->src\main\AndroidManifest.xml:17:13-45
22            <intent-filter>
22-->src\main\AndroidManifest.xml:18:13-22:29
23                <action android:name="android.intent.action.MAIN" />
23-->src\main\AndroidManifest.xml:19:17-69
23-->src\main\AndroidManifest.xml:19:25-66
24
25                <category android:name="android.intent.category.LAUNCHER" />
25-->src\main\AndroidManifest.xml:21:17-77
25-->src\main\AndroidManifest.xml:21:27-74
26            </intent-filter>
27        </activity>
28    </application>
29
30</manifest>